<?xml version="1.0" encoding="UTF-8"?>
<testsuite xmlns:xsi="http://www.w3.org/2001/XMLSchema-instance" xsi:noNamespaceSchemaLocation="https://maven.apache.org/surefire/maven-surefire-plugin/xsd/surefire-test-report-3.0.xsd" version="3.0" name="com.example.demo.GitdemoApplicationTests" time="6.716" tests="1" errors="0" skipped="0" failures="0">
  <properties>
[...]
</properties>
  <testcase name="contextLoads" classname="com.example.demo.GitdemoApplicationTests" time="1.86">
    <system-out><![CDATA[17:07:16.437 [main] INFO org.springframework.test.context.support.AnnotationConfigContextLoaderUtils -- Could not detect default configuration classes for test class [com.example.demo.GitdemoApplicationTests]: GitdemoApplicationTests does not declare any static, non-private, non-final, nested classes annotated with @Configuration.
17:07:16.676 [main] INFO org.springframework.boot.test.context.SpringBootTestContextBootstrapper -- Found @SpringBootConfiguration com.example.demo.GitdemoApplication for test class com.example.demo.GitdemoApplicationTests

  .   ____          _            __ _ _
 /\\ / ___'_ __ _ _(_)_ __  __ _ \ \ \ \
( ( )\___ | '_ | '_| | '_ \/ _` | \ \ \ \
 \\/  ___)| |_)| | | | | || (_| |  ) ) ) )
  '  |____| .__|_| |_|_| |_\__, | / / / /
 =========|_|==============|___/=/_/_/_/

 :: Spring Boot ::                (v3.3.4)

2024-10-06T17:07:17.920+05:30  INFO 7016 --- [gitdemo] [           main] c.example.demo.GitdemoApplicationTests   : Starting GitdemoApplicationTests using Java 22.0.1 with PID 7016 (started by Yotta technologie in C:\Users\HCR\eclipse-workspace\gitdemo)
2024-10-06T17:07:17.924+05:30  INFO 7016 --- [gitdemo] [           main] c.example.demo.GitdemoApplicationTests   : No active profile set, falling back to 1 default profile: "default"
2024-10-06T17:07:20.725+05:30  INFO 7016 --- [gitdemo] [           main] c.example.demo.GitdemoApplicationTests   : Started GitdemoApplicationTests in 3.696 seconds (process running for 5.955)
]]></system-out>
    <system-err><![CDATA[WARNING: A Java agent has been loaded dynamically (C:\Users\HCR\.m2\repository\net\bytebuddy\byte-buddy-agent\1.14.19\byte-buddy-agent-1.14.19.jar)
WARNING: If a serviceability tool is in use, please run with -XX:+EnableDynamicAgentLoading to hide this warning
WARNING: If a serviceability tool is not in use, please run with -Djdk.instrument.traceUsage for more information
WARNING: Dynamic loading of agents will be disallowed by default in a future release
]]></system-err>
  </testcase>
</testsuite>